# JRE version: Java(TM) SE Runtime Environment 18.9 (11.0.8+10) (build 11.0.8+10-LTS)
# Java VM: Java HotSpot(TM) 64-Bit Server VM 18.9 (11.0.8+10-LTS, mixed mode, tiered, compressed oops, g1 gc, windows-amd64)
Heap:
 garbage-first heap   total 155648K, used 16702K [0x0000000083800000, 0x0000000100000000)
  region size 1024K, 11 young (11264K), 9 survivors (9216K)
 Metaspace       used 40965K, capacity 42346K, committed 42496K, reserved 1085440K
  class space    used 4988K, capacity 5587K, committed 5632K, reserved 1048576K
GC Heap History (10 events):
Event: 1.918 GC heap before
{Heap before GC invocations=1 (full 0):
 garbage-first heap   total 129024K, used 27280K [0x0000000083800000, 0x0000000100000000)
  region size 1024K, 24 young (24576K), 3 survivors (3072K)
 Metaspace       used 17430K, capacity 18032K, committed 18304K, reserved 1064960K
  class space    used 1864K, capacity 2086K, committed 2176K, reserved 1048576K
}
Event: 1.924 GC heap after
{Heap after GC invocations=2 (full 0):
 garbage-first heap   total 129024K, used 6924K [0x0000000083800000, 0x0000000100000000)
  region size 1024K, 2 young (2048K), 2 survivors (2048K)
 Metaspace       used 17430K, capacity 18032K, committed 18304K, reserved 1064960K
  class space    used 1864K, capacity 2086K, committed 2176K, reserved 1048576K
}
Event: 2.613 GC heap before
{Heap before GC invocations=2 (full 0):
 garbage-first heap   total 129024K, used 23308K [0x0000000083800000, 0x0000000100000000)
  region size 1024K, 19 young (19456K), 2 survivors (2048K)
 Metaspace       used 20511K, capacity 21202K, committed 21248K, reserved 1069056K
  class space    used 2299K, capacity 2551K, committed 2560K, reserved 1048576K
}
Event: 2.620 GC heap after
{Heap after GC invocations=3 (full 0):
 garbage-first heap   total 129024K, used 7827K [0x0000000083800000, 0x0000000100000000)
  region size 1024K, 3 young (3072K), 3 survivors (3072K)
 Metaspace       used 20511K, capacity 21202K, committed 21248K, reserved 1069056K
  class space    used 2299K, capacity 2551K, committed 2560K, reserved 1048576K
}
Event: 4.574 GC heap before
{Heap before GC invocations=4 (full 0):
 garbage-first heap   total 129024K, used 68243K [0x0000000083800000, 0x0000000100000000)
  region size 1024K, 62 young (63488K), 3 survivors (3072K)
 Metaspace       used 29702K, capacity 30710K, committed 30848K, reserved 1077248K
  class space    used 3495K, capacity 3913K, committed 3968K, reserved 1048576K
}
Event: 4.588 GC heap after
{Heap after GC invocations=5 (full 0):
 garbage-first heap   total 129024K, used 10348K [0x0000000083800000, 0x0000000100000000)
  region size 1024K, 5 young (5120K), 5 survivors (5120K)
 Metaspace       used 29702K, capacity 30710K, committed 30848K, reserved 1077248K
  class space    used 3495K, capacity 3913K, committed 3968K, reserved 1048576K
}
Event: 6.275 GC heap before
{Heap before GC invocations=5 (full 0):
 garbage-first heap   total 129024K, used 44140K [0x0000000083800000, 0x0000000100000000)
  region size 1024K, 39 young (39936K), 5 survivors (5120K)
 Metaspace       used 34280K, capacity 35489K, committed 35584K, reserved 1081344K
  class space    used 4059K, capacity 4563K, committed 4608K, reserved 1048576K
}
Event: 6.290 GC heap after
{Heap after GC invocations=6 (full 0):
 garbage-first heap   total 155648K, used 12803K [0x0000000083800000, 0x0000000100000000)
  region size 1024K, 7 young (7168K), 7 survivors (7168K)
 Metaspace       used 34280K, capacity 35489K, committed 35584K, reserved 1081344K
  class space    used 4059K, capacity 4563K, committed 4608K, reserved 1048576K
}
Event: 8.272 GC heap before
{Heap before GC invocations=7 (full 0):
 garbage-first heap   total 155648K, used 98819K [0x0000000083800000, 0x0000000100000000)
  region size 1024K, 91 young (93184K), 7 survivors (7168K)
 Metaspace       used 40760K, capacity 42154K, committed 42496K, reserved 1085440K
  class space    used 4942K, capacity 5523K, committed 5632K, reserved 1048576K
}
Event: 8.302 GC heap after
{Heap after GC invocations=8 (full 0):
 garbage-first heap   total 155648K, used 15678K [0x0000000083800000, 0x0000000100000000)
  region size 1024K, 9 young (9216K), 9 survivors (9216K)
 Metaspace       used 40760K, capacity 42154K, committed 42496K, reserved 1085440K
  class space    used 4942K, capacity 5523K, committed 5632K, reserved 1048576K
}

